<?xml version="1.0" encoding="UTF-8"?>
<testsuite xmlns:xsi="http://www.w3.org/2001/XMLSchema-instance" xsi:noNamespaceSchemaLocation="https://maven.apache.org/surefire/maven-surefire-plugin/xsd/surefire-test-report-3.0.xsd" version="3.0" name="test.model.enums.StatusPemeliharaanTest" time="0.106" tests="13" errors="0" skipped="0" failures="0">
  <properties>
[...]
</properties>
  <testcase name="testEnumValues" classname="test.model.enums.StatusPemeliharaanTest" time="0.055"/>
  <testcase name="testFromStringCaseInsensitive" classname="test.model.enums.StatusPemeliharaanTest" time="0.001"/>
  <testcase name="testWorkflowOrder" classname="test.model.enums.StatusPemeliharaanTest" time="0.003"/>
  <testcase name="testToString" classname="test.model.enums.StatusPemeliharaanTest" time="0.001"/>
  <testcase name="testGetDisplayName" classname="test.model.enums.StatusPemeliharaanTest" time="0.001"/>
  <testcase name="testEnumConstantNames" classname="test.model.enums.StatusPemeliharaanTest" time="0.001"/>
  <testcase name="testFromStringInvalidStatus" classname="test.model.enums.StatusPemeliharaanTest" time="0.003"/>
  <testcase name="testFromStringByDisplayName" classname="test.model.enums.StatusPemeliharaanTest" time="0.001"/>
  <testcase name="testGetDescription" classname="test.model.enums.StatusPemeliharaanTest" time="0.001"/>
  <testcase name="testFromStringByEnumName" classname="test.model.enums.StatusPemeliharaanTest" time="0.001"/>
  <testcase name="testFromStringEmptyString" classname="test.model.enums.StatusPemeliharaanTest" time="0.002"/>
  <testcase name="testOrdinals" classname="test.model.enums.StatusPemeliharaanTest" time="0.001"/>
  <testcase name="testFromStringNullStatus" classname="test.model.enums.StatusPemeliharaanTest" time="0.001"/>
</testsuite>